<?xml version="1.0" encoding="UTF-8"?>
<!-- Generated by org.testng.reporters.JUnitReportReporter -->
<testsuite skipped="0" hostname="DESKTOP-QI8QHVR" name="com.test_project.Response_Body_Validation" tests="1" failures="0" timestamp="21 Nov 2019 09:02:38 GMT" time="2.424" errors="0">
  <testcase name="get" time="2.424" classname="com.test_project.Response_Body_Validation"/>
</testsuite> <!-- com.test_project.Response_Body_Validation -->
