<?xml version="1.0" encoding="UTF-8"?>
<!-- Generated by org.testng.reporters.JUnitReportReporter -->
<testsuite skipped="0" hostname="DESKTOP-QI8QHVR" name="com.test_project.Test_Post_RestAssured" tests="1" failures="0" timestamp="21 Nov 2019 09:05:33 GMT" time="3.639" errors="0">
  <testcase name="registration" time="3.639" classname="com.test_project.Test_Post_RestAssured"/>
</testsuite> <!-- com.test_project.Test_Post_RestAssured -->
