<?xml version="1.0" encoding="UTF-8"?>
<!-- Generated by org.testng.reporters.JUnitReportReporter -->
<testsuite skipped="0" hostname="DESKTOP-QI8QHVR" name="com.test_project.Test_Get_RestAssured" tests="1" failures="0" timestamp="21 Nov 2019 10:06:06 GMT" time="2.773" errors="0">
  <testcase name="get" time="2.773" classname="com.test_project.Test_Get_RestAssured"/>
</testsuite> <!-- com.test_project.Test_Get_RestAssured -->
